<?xml version="1.0" encoding="UTF-8"?>
<recommendation>
   <check>
      <code><![CDATA[nchar(title) > 10]]></code>
      <environment>r</environment>
      <expected>TRUE</expected>
      <id>check.1.1</id>      
      <level>WARN</level>
      <name>titleLength</name>
      <selector>
         <name>title</name>
         <xpath>//dataset/title</xpath>
      </selector>
   </check>
   <check>
      <code><![CDATA[entityCount > 0]]></code>
      <environment>JavaScript</environment>
      <expected>true</expected>
      <id>check.2.1</id>      
      <level>INFO</level>
      <name>entityCount</name>
      <selector>
         <name>entityCount</name>
         <xpath>count(//dataset/dataTable | //dataset/otherEntity)</xpath>
      </selector>
   </check>
   <check>
      <code><![CDATA[any(duplicated(attributeNames))]]></code>
      <environment>r</environment>
      <expected>FALSE</expected>
      <id>check.3.1</id>      
      <level>ERROR</level>
      <name>attributeNames</name>
      <selector>
         <name>attributeNames</name>
         <xpath>//attribute/attributeName</xpath>
      </selector>
   </check>
   <id>suite.1.1</id>      
   <name>Testing suite</name>
</recommendation>