<?xml version="1.0" encoding="UTF-8"?>
<suite>
   <check>
      <code><![CDATA[nchar(title) > 10]]></code>
      <environment>r</environment>
      <id>check.1.1</id>      
      <level>OPTIONAL</level>
      <name>Title Length</name>
      <description>Checks that title is longer than 10 characters</description>
      <selector>
         <name>title</name>
         <xpath>//dataset/title</xpath>
      </selector>
      <type>metadata</type>
   </check>
   <check>
      <code><![CDATA[entityCount > 0]]></code>
      <environment>JavaScript</environment>
      <id>check.2.1</id>      
      <level>INFO</level>
      <name>Entity Count</name>
      <description>Checks that there are 1 or more data entities in the data package</description>
      <selector>
         <name>entityCount</name>
         <xpath>count(//dataset/dataTable | //dataset/otherEntity)</xpath>
      </selector>
      <type>data</type>      
   </check>
   <check>
      <code><![CDATA[any(duplicated(attributeNames))]]></code>
      <environment>r</environment>
      <id>check.3.1</id>      
      <level>REQUIRED</level>
      <name>Unique attribute names</name>
      <description>Checks that all attribute names are unique across datapackage</description>
      <selector>
         <name>attributeNames</name>
         <xpath>//attribute/attributeName</xpath>
      </selector>
      
   </check>
   <id>suite.2.1</id>      
   <name>Testing suite</name>
</suite>